<?xml version="1.0" encoding="UTF-8"?>
<!-- Generated by org.testng.reporters.JUnitXMLReporter -->
<testsuite ignored="3" hostname="3C48NQ3" failures="0" tests="0" time="0.02" errors="0" timestamp="2024-07-29T16:30:05 IST">
  <testcase classname="demo.TestNGRetryFailedDemo" name="test3" time="0.0">
    <ignored/>
  </testcase> <!-- test3 -->
  <testcase classname="demo.TestNGRetryFailedDemo" name="test2" time="0.0">
    <ignored/>
  </testcase> <!-- test2 -->
  <testcase classname="demo.TestNGRetryFailedDemo" name="test1" time="0.0">
    <ignored/>
  </testcase> <!-- test1 -->
</testsuite>
