<?xml version="1.0" encoding="UTF-8"?>
<!-- Generated by org.testng.reporters.JUnitXMLReporter -->
<testsuite ignored="0" hostname="3C48NQ3" failures="1" tests="6" name="Test" time="0.069" errors="0" timestamp="2024-07-16T15:23:13 IST">
  <testcase classname="listeners.TestNGListenerDemo" name="test1" time="0.006"/>
  <testcase classname="listeners.TestNGListenerDemo" name="test2" time="0.008">
    <failure type="java.lang.AssertionError" message="expected [true] but found [false]">
      <![CDATA[java.lang.AssertionError: expected [true] but found [false]
at listeners.TestNGListenerDemo.test2(TestNGListenerDemo.java:18)
at java.base/java.util.ArrayList.forEach(ArrayList.java:1511)
... Removed 31 stack frames]]>
    </failure>
  </testcase> <!-- test2 -->
  <testcase classname="listeners.TestNGListenerDemo" name="test3" time="0.001">
    <skipped/>
  </testcase> <!-- test3 -->
  <testcase classname="listeners.TestNGListenerDemo2" name="test4" time="0.001"/>
  <testcase classname="listeners.TestNGListenerDemo2" name="test5" time="0.001"/>
  <testcase classname="listeners.TestNGListenerDemo2" name="test6" time="0.001">
    <skipped/>
  </testcase> <!-- test6 -->
</testsuite> <!-- Test -->
