<?xml version="1.0" encoding="UTF-8"?>
<testng-results ignored="0" total="2" passed="2" failed="0" skipped="0">
  <reporter-output>
  </reporter-output>
  <suite started-at="2024-07-29T16:32:51 IST" name="Suite1" finished-at="2024-07-29T16:33:21 IST" duration-ms="29406">
    <groups>
    </groups>
    <test started-at="2024-07-29T16:32:51 IST" name="TestOnFirefox" finished-at="2024-07-29T16:33:07 IST" duration-ms="15878">
      <class name="ParallelTesting.TestNGMultiBrowserDemo">
        <test-method is-config="true" signature="setup(java.lang.String)[pri:0, instance:ParallelTesting.TestNGMultiBrowserDemo@6c284af]" started-at="2024-07-29T16:32:51 IST" name="setup" finished-at="2024-07-29T16:32:59 IST" duration-ms="7585" status="PASS">
          <params>
            <param index="0">
              <value>
                <![CDATA[firefox]]>
              </value>
            </param>
          </params>
          <reporter-output>
          </reporter-output>
        </test-method> <!-- setup -->
        <test-method signature="test1()[pri:0, instance:ParallelTesting.TestNGMultiBrowserDemo@6c284af]" started-at="2024-07-29T16:32:59 IST" name="test1" finished-at="2024-07-29T16:33:06 IST" duration-ms="6776" status="PASS">
          <reporter-output>
          </reporter-output>
        </test-method> <!-- test1 -->
        <test-method is-config="true" signature="tearDown()[pri:0, instance:ParallelTesting.TestNGMultiBrowserDemo@6c284af]" started-at="2024-07-29T16:33:06 IST" name="tearDown" finished-at="2024-07-29T16:33:07 IST" duration-ms="1442" status="PASS">
          <reporter-output>
          </reporter-output>
        </test-method> <!-- tearDown -->
      </class> <!-- ParallelTesting.TestNGMultiBrowserDemo -->
    </test> <!-- TestOnFirefox -->
    <test started-at="2024-07-29T16:32:51 IST" name="TestOnChrome" finished-at="2024-07-29T16:33:21 IST" duration-ms="29406">
      <class name="ParallelTesting.TestNGMultiBrowserDemo">
        <test-method is-config="true" signature="setup(java.lang.String)[pri:0, instance:ParallelTesting.TestNGMultiBrowserDemo@673fdbce]" started-at="2024-07-29T16:32:51 IST" name="setup" finished-at="2024-07-29T16:33:15 IST" duration-ms="23950" status="PASS">
          <params>
            <param index="0">
              <value>
                <![CDATA[chrome]]>
              </value>
            </param>
          </params>
          <reporter-output>
          </reporter-output>
        </test-method> <!-- setup -->
        <test-method signature="test1()[pri:0, instance:ParallelTesting.TestNGMultiBrowserDemo@673fdbce]" started-at="2024-07-29T16:33:15 IST" name="test1" finished-at="2024-07-29T16:33:21 IST" duration-ms="5199" status="PASS">
          <reporter-output>
          </reporter-output>
        </test-method> <!-- test1 -->
        <test-method is-config="true" signature="tearDown()[pri:0, instance:ParallelTesting.TestNGMultiBrowserDemo@673fdbce]" started-at="2024-07-29T16:33:21 IST" name="tearDown" finished-at="2024-07-29T16:33:21 IST" duration-ms="234" status="PASS">
          <reporter-output>
          </reporter-output>
        </test-method> <!-- tearDown -->
      </class> <!-- ParallelTesting.TestNGMultiBrowserDemo -->
    </test> <!-- TestOnChrome -->
  </suite> <!-- Suite1 -->
</testng-results>
